<?xml version="1.0" encoding="UTF-8"?>
<!-- Generated by org.testng.reporters.JUnitXMLReporter -->
<testsuite ignored="0" hostname="DESKTOP-HCJ0JMN" failures="0" tests="6" name="Default test" time="13.84" errors="0" timestamp="2024-12-03T13:43:51 IST">
  <testcase classname="org.omrbranch.sampleAPI.AllTypes" name="create" time="4.385"/>
  <testcase classname="org.omrbranch.sampleAPI.AllTypes" name="getSingle" time="1.126"/>
  <testcase classname="org.omrbranch.sampleAPI.AllTypes" name="put" time="2.623"/>
  <testcase classname="org.omrbranch.sampleAPI.AllTypes" name="patch" time="2.857"/>
  <testcase classname="org.omrbranch.sampleAPI.AllTypes" name="delete" time="1.784"/>
  <testcase classname="org.omrbranch.sampleAPI.AllTypes" name="getList" time="1.011"/>
</testsuite> <!-- Default test -->
