<?xml version="1.0" encoding="UTF-8"?>
<testng-results ignored="0" total="6" passed="6" failed="0" skipped="0">
  <reporter-output>
  </reporter-output>
  <suite started-at="2024-12-03T13:43:37 IST" name="Default suite" finished-at="2024-12-03T13:43:51 IST" duration-ms="13840">
    <groups>
    </groups>
    <test started-at="2024-12-03T13:43:37 IST" name="Default test" finished-at="2024-12-03T13:43:51 IST" duration-ms="13840">
      <class name="org.omrbranch.sampleAPI.AllTypes">
        <test-method signature="create()[pri:1, instance:org.omrbranch.sampleAPI.AllTypes@60bd273d]" started-at="2024-12-03T13:43:37 IST" name="create" finished-at="2024-12-03T13:43:41 IST" duration-ms="4385" status="PASS">
          <reporter-output>
          </reporter-output>
        </test-method> <!-- create -->
        <test-method signature="getSingle()[pri:2, instance:org.omrbranch.sampleAPI.AllTypes@60bd273d]" started-at="2024-12-03T13:43:41 IST" name="getSingle" finished-at="2024-12-03T13:43:42 IST" duration-ms="1126" status="PASS">
          <reporter-output>
          </reporter-output>
        </test-method> <!-- getSingle -->
        <test-method signature="put()[pri:3, instance:org.omrbranch.sampleAPI.AllTypes@60bd273d]" started-at="2024-12-03T13:43:42 IST" name="put" finished-at="2024-12-03T13:43:45 IST" duration-ms="2623" status="PASS">
          <reporter-output>
          </reporter-output>
        </test-method> <!-- put -->
        <test-method signature="patch()[pri:4, instance:org.omrbranch.sampleAPI.AllTypes@60bd273d]" started-at="2024-12-03T13:43:45 IST" name="patch" finished-at="2024-12-03T13:43:48 IST" duration-ms="2857" status="PASS">
          <reporter-output>
          </reporter-output>
        </test-method> <!-- patch -->
        <test-method signature="delete()[pri:5, instance:org.omrbranch.sampleAPI.AllTypes@60bd273d]" started-at="2024-12-03T13:43:48 IST" name="delete" finished-at="2024-12-03T13:43:50 IST" duration-ms="1784" status="PASS">
          <reporter-output>
          </reporter-output>
        </test-method> <!-- delete -->
        <test-method signature="getList()[pri:6, instance:org.omrbranch.sampleAPI.AllTypes@60bd273d]" started-at="2024-12-03T13:43:50 IST" name="getList" finished-at="2024-12-03T13:43:51 IST" duration-ms="1011" status="PASS">
          <reporter-output>
          </reporter-output>
        </test-method> <!-- getList -->
      </class> <!-- org.omrbranch.sampleAPI.AllTypes -->
    </test> <!-- Default test -->
  </suite> <!-- Default suite -->
</testng-results>
